<?xml version="1.0" encoding="UTF-8"?>
<!-- Generated by org.testng.reporters.JUnitReportReporter -->
<testsuite hostname="LAPTOP-OENE950S" failures="0" tests="1" name="basic.FirstClass" time="4.976" errors="0" timestamp="05 Jul 2023 02:25:56 GMT" skipped="0">
  <testcase classname="basic.FirstClass" name="launchURL" time="4.976"/>
</testsuite> <!-- basic.FirstClass -->
